This is pdfTeX, Version 3.14159265-2.6-1.40.21 (MiKTeX 2.9.7300 64-bit) (preloaded format=pdflatex 2020.3.22)  23 MAR 2020 10:59
entering extended mode
**./norme_di_progetto_v1.0.0.tex
(norme_di_progetto_v1.0.0.tex
LaTeX2e <2020-02-02> patch level 5
L3 programming layer <2020-03-06>
("C:\Users\farid\AppData\Local\Programs\MiKTeX 2.9\tex/latex/base\article.cls"
Document Class: article 2019/12/20 v1.4l Standard LaTeX document class
("C:\Users\farid\AppData\Local\Programs\MiKTeX 2.9\tex/latex/base\size12.clo"
File: size12.clo 2019/12/20 v1.4l Standard LaTeX file (size option)
)
\c@part=\count167
\c@section=\count168
\c@subsection=\count169
\c@subsubsection=\count170
\c@paragraph=\count171
\c@subparagraph=\count172
\c@figure=\count173
\c@table=\count174
\abovecaptionskip=\skip47
\belowcaptionskip=\skip48
\bibindent=\dimen134
) (../template/AFKstyle.sty

LaTeX Warning: You have requested package `../template/AFKstyle',
               but the package provides `AFKstyle'.

Package: AFKstyle 

("C:\Users\farid\AppData\Local\Programs\MiKTeX 2.9\tex/latex/graphbox\graphbox.
sty"
Package: graphbox 2018/01/17 v1.1 extension for graphicx to adjust containing b
ox

("C:\Users\farid\AppData\Local\Programs\MiKTeX 2.9\tex/latex/graphics\graphicx.
sty"
Package: graphicx 2019/11/30 v1.2a Enhanced LaTeX Graphics (DPC,SPQR)

("C:\Users\farid\AppData\Local\Programs\MiKTeX 2.9\tex/latex/graphics\keyval.st
y"
Package: keyval 2014/10/28 v1.15 key=value parser (DPC)
\KV@toks@=\toks15
)
("C:\Users\farid\AppData\Local\Programs\MiKTeX 2.9\tex/latex/graphics\graphics.
sty"
Package: graphics 2019/11/30 v1.4a Standard LaTeX Graphics (DPC,SPQR)

("C:\Users\farid\AppData\Local\Programs\MiKTeX 2.9\tex/latex/graphics\trig.sty"
Package: trig 2016/01/03 v1.10 sin cos tan (DPC)
)
("C:\Users\farid\AppData\Local\Programs\MiKTeX 2.9\tex/latex/graphics-cfg\graph
ics.cfg"
File: graphics.cfg 2016/06/04 v1.11 sample graphics configuration
)
Package graphics Info: Driver file: pdftex.def on input line 105.

("C:\Users\farid\AppData\Local\Programs\MiKTeX 2.9\tex/latex/graphics-def\pdfte
x.def"
File: pdftex.def 2018/01/08 v1.0l Graphics/color driver for pdftex
))
\Gin@req@height=\dimen135
\Gin@req@width=\dimen136
)
\Gin@box@box=\box45
\Gin@box@width=\skip49
\Gin@box@height=\skip50
\Gin@box@raise=\skip51
\Gin@box@hspace=\skip52
\Gin@box@bwidth=\skip53
\Gin@box@bheight=\skip54
)
("C:\Users\farid\AppData\Local\Programs\MiKTeX 2.9\tex/latex/geometry\geometry.
sty"
Package: geometry 2020/01/02 v5.9 Page Geometry

("C:\Users\farid\AppData\Local\Programs\MiKTeX 2.9\tex/generic/iftex\ifvtex.sty
"
Package: ifvtex 2019/10/25 v1.7 ifvtex legacy package. Use iftex instead.
 ("C:\Users\farid\AppData\Local\Programs\MiKTeX 2.9\tex/generic/iftex\iftex.sty
"
Package: iftex 2020/03/06 v1.0d TeX engine tests
))
\Gm@cnth=\count175
\Gm@cntv=\count176
\c@Gm@tempcnt=\count177
\Gm@bindingoffset=\dimen137
\Gm@wd@mp=\dimen138
\Gm@odd@mp=\dimen139
\Gm@even@mp=\dimen140
\Gm@layoutwidth=\dimen141
\Gm@layoutheight=\dimen142
\Gm@layouthoffset=\dimen143
\Gm@layoutvoffset=\dimen144
\Gm@dimlist=\toks16

("C:\Users\farid\AppData\Local\Programs\MiKTeX 2.9\tex/latex/geometry\geometry.
cfg"))
("C:\Users\farid\AppData\Local\Programs\MiKTeX 2.9\tex/latex/float\float.sty"
Package: float 2001/11/08 v1.3d Float enhancements (AL)
\c@float@type=\count178
\float@exts=\toks17
\float@box=\box46
\@float@everytoks=\toks18
\@floatcapt=\box47
)
("C:\Users\farid\AppData\Local\Programs\MiKTeX 2.9\tex/latex/tools\longtable.st
y"
Package: longtable 2020/01/07 v4.13 Multi-page Table package (DPC)
\LTleft=\skip55
\LTright=\skip56
\LTpre=\skip57
\LTpost=\skip58
\LTchunksize=\count179
\LTcapwidth=\dimen145
\LT@head=\box48
\LT@firsthead=\box49
\LT@foot=\box50
\LT@lastfoot=\box51
\LT@cols=\count180
\LT@rows=\count181
\c@LT@tables=\count182
\c@LT@chunks=\count183
\LT@p@ftn=\toks19
) ("C:\Users\farid\AppData\Local\Programs\MiKTeX 2.9\tex/latex/tools\array.sty"
Package: array 2019/08/31 v2.4l Tabular extension package (FMi)
\col@sep=\dimen146
\ar@mcellbox=\box52
\extrarowheight=\dimen147
\NC@list=\toks20
\extratabsurround=\skip59
\backup@length=\skip60
\ar@cellbox=\box53
)
("C:\Users\farid\AppData\Local\Programs\MiKTeX 2.9\tex/latex/fancyhdr\fancyhdr.
sty"
Package: fancyhdr 2019/01/31 v3.10 Extensive control of page headers and footer
s
\f@nch@headwidth=\skip61
\f@nch@O@elh=\skip62
\f@nch@O@erh=\skip63
\f@nch@O@olh=\skip64
\f@nch@O@orh=\skip65
\f@nch@O@elf=\skip66
\f@nch@O@erf=\skip67
\f@nch@O@olf=\skip68
\f@nch@O@orf=\skip69
)
("C:\Users\farid\AppData\Local\Programs\MiKTeX 2.9\tex/latex/lastpage\lastpage.
sty"
Package: lastpage 2015/03/29 v1.2m Refers to last page's name (HMM; JPG)
)
("C:\Users\farid\AppData\Local\Programs\MiKTeX 2.9\tex/latex/base\inputenc.sty"
Package: inputenc 2018/08/11 v1.3c Input encoding file
\inpenc@prehook=\toks21
\inpenc@posthook=\toks22
) ("C:\Users\farid\AppData\Local\Programs\MiKTeX 2.9\tex/latex/lm\lmodern.sty"
Package: lmodern 2009/10/30 v1.6 Latin Modern Fonts
LaTeX Font Info:    Overwriting symbol font `operators' in version `normal'
(Font)                  OT1/cmr/m/n --> OT1/lmr/m/n on input line 22.
LaTeX Font Info:    Overwriting symbol font `letters' in version `normal'
(Font)                  OML/cmm/m/it --> OML/lmm/m/it on input line 23.
LaTeX Font Info:    Overwriting symbol font `symbols' in version `normal'
(Font)                  OMS/cmsy/m/n --> OMS/lmsy/m/n on input line 24.
LaTeX Font Info:    Overwriting symbol font `largesymbols' in version `normal'
(Font)                  OMX/cmex/m/n --> OMX/lmex/m/n on input line 25.
LaTeX Font Info:    Overwriting symbol font `operators' in version `bold'
(Font)                  OT1/cmr/bx/n --> OT1/lmr/bx/n on input line 26.
LaTeX Font Info:    Overwriting symbol font `letters' in version `bold'
(Font)                  OML/cmm/b/it --> OML/lmm/b/it on input line 27.
LaTeX Font Info:    Overwriting symbol font `symbols' in version `bold'
(Font)                  OMS/cmsy/b/n --> OMS/lmsy/b/n on input line 28.
LaTeX Font Info:    Overwriting symbol font `largesymbols' in version `bold'
(Font)                  OMX/cmex/m/n --> OMX/lmex/m/n on input line 29.
LaTeX Font Info:    Overwriting math alphabet `\mathbf' in version `normal'
(Font)                  OT1/cmr/bx/n --> OT1/lmr/bx/n on input line 31.
LaTeX Font Info:    Overwriting math alphabet `\mathsf' in version `normal'
(Font)                  OT1/cmss/m/n --> OT1/lmss/m/n on input line 32.
LaTeX Font Info:    Overwriting math alphabet `\mathit' in version `normal'
(Font)                  OT1/cmr/m/it --> OT1/lmr/m/it on input line 33.
LaTeX Font Info:    Overwriting math alphabet `\mathtt' in version `normal'
(Font)                  OT1/cmtt/m/n --> OT1/lmtt/m/n on input line 34.
LaTeX Font Info:    Overwriting math alphabet `\mathbf' in version `bold'
(Font)                  OT1/cmr/bx/n --> OT1/lmr/bx/n on input line 35.
LaTeX Font Info:    Overwriting math alphabet `\mathsf' in version `bold'
(Font)                  OT1/cmss/bx/n --> OT1/lmss/bx/n on input line 36.
LaTeX Font Info:    Overwriting math alphabet `\mathit' in version `bold'
(Font)                  OT1/cmr/bx/it --> OT1/lmr/bx/it on input line 37.
LaTeX Font Info:    Overwriting math alphabet `\mathtt' in version `bold'
(Font)                  OT1/cmtt/m/n --> OT1/lmtt/m/n on input line 38.
) ("C:\Users\farid\AppData\Local\Programs\MiKTeX 2.9\tex/latex/base\fontenc.sty
"
Package: fontenc 2020/02/11 v2.0o Standard LaTeX package
LaTeX Font Info:    Trying to load font information for T1+lmr on input line 11
2.
("C:\Users\farid\AppData\Local\Programs\MiKTeX 2.9\tex/latex/lm\t1lmr.fd"
File: t1lmr.fd 2009/10/30 v1.6 Font defs for Latin Modern
))
("C:\Users\farid\AppData\Local\Programs\MiKTeX 2.9\tex/generic/babel\babel.sty"
Package: babel 2020/02/28 3.41 The Babel package
("C:\Users\farid\AppData\Local\Programs\MiKTeX 2.9\tex/generic/babel\switch.def
"
File: switch.def 2020/02/28 3.41 Babel switching mechanism
)
*************************************
* Local config file bblopts.cfg used
*
("C:\Users\farid\AppData\Local\Programs\MiKTeX 2.9\tex/latex/arabi\bblopts.cfg"
File: bblopts.cfg 2005/09/08 v0.1 add Arabic and Farsi to "declared" options of
 babel
)
("C:\Users\farid\AppData\Local\Programs\MiKTeX 2.9\tex/latex/babel-italian\ital
ian.ldf"
Language: italian 2019/11/16 v.1.4.03 Italian support for the babel system

("C:\Users\farid\AppData\Local\Programs\MiKTeX 2.9\tex/generic/babel\babel.def"
File: babel.def 2020/02/28 3.41 Babel common definitions
\babel@savecnt=\count184
\U@D=\dimen148

("C:\Users\farid\AppData\Local\Programs\MiKTeX 2.9\tex/generic/babel\txtbabel.d
ef")
\bbl@readstream=\read2
\bbl@dirlevel=\count185
)
\it@lettering=\count186
\it@doublequoteactive=\count187
\it@ISOcompliance=\count188
))
("C:\Users\farid\AppData\Local\Programs\MiKTeX 2.9\tex/latex/etoolbox\etoolbox.
sty"
Package: etoolbox 2019/09/21 v2.5h e-TeX tools for LaTeX (JAW)
\etb@tempcnta=\count189
)
("C:\Users\farid\AppData\Local\Programs\MiKTeX 2.9\tex/latex/caption\caption.st
y"
Package: caption 2020/01/03 v3.4h Customizing captions (AR)

("C:\Users\farid\AppData\Local\Programs\MiKTeX 2.9\tex/latex/caption\caption3.s
ty"
Package: caption3 2020/01/03 v1.8h caption3 kernel (AR)
Package caption3 Info: TeX engine: e-TeX on input line 61.
\captionmargin=\dimen149
\captionmargin@=\dimen150
\captionwidth=\dimen151
\caption@tempdima=\dimen152
\caption@indent=\dimen153
\caption@parindent=\dimen154
\caption@hangindent=\dimen155
Package caption Info: Standard document class detected.
)
\c@caption@flags=\count190
\c@continuedfloat=\count191
Package caption Info: float package is loaded.
Package caption Info: longtable package is loaded.

("C:\Users\farid\AppData\Local\Programs\MiKTeX 2.9\tex/latex/caption\ltcaption.
sty"
Package: ltcaption 2018/08/26 v1.4a longtable captions (AR)
))
("C:\Users\farid\AppData\Local\Programs\MiKTeX 2.9\tex/latex/caption\subcaption
.sty"
Package: subcaption 2020/01/22 v1.3d Sub-captions (AR)
\c@subfigure=\count192
\c@subtable=\count193
)
("C:\Users\farid\AppData\Local\Programs\MiKTeX 2.9\tex/latex/xcolor\xcolor.sty"
Package: xcolor 2016/05/11 v2.12 LaTeX color extensions (UK)

("C:\Users\farid\AppData\Local\Programs\MiKTeX 2.9\tex/latex/graphics-cfg\color
.cfg"
File: color.cfg 2016/01/02 v1.6 sample color configuration
)
Package xcolor Info: Driver file: pdftex.def on input line 225.

("C:\Users\farid\AppData\Local\Programs\MiKTeX 2.9\tex/latex/colortbl\colortbl.
sty"
Package: colortbl 2020/01/04 v1.0e Color table columns (DPC)
\everycr=\toks23
\minrowclearance=\skip70
)
\rownum=\count194
Package xcolor Info: Model `cmy' substituted by `cmy0' on input line 1348.
Package xcolor Info: Model `hsb' substituted by `rgb' on input line 1352.
Package xcolor Info: Model `RGB' extended on input line 1364.
Package xcolor Info: Model `HTML' substituted by `rgb' on input line 1366.
Package xcolor Info: Model `Hsb' substituted by `hsb' on input line 1367.
Package xcolor Info: Model `tHsb' substituted by `hsb' on input line 1368.
Package xcolor Info: Model `HSB' substituted by `hsb' on input line 1369.
Package xcolor Info: Model `Gray' substituted by `gray' on input line 1370.
Package xcolor Info: Model `wave' substituted by `hsb' on input line 1371.

("C:\Users\farid\AppData\Local\Programs\MiKTeX 2.9\tex/latex/graphics\dvipsnam.
def"
File: dvipsnam.def 2016/06/17 v3.0m Driver-dependent file (DPC,SPQR)
))
("C:\Users\farid\AppData\Local\Programs\MiKTeX 2.9\tex/latex/graphics\rotating.
sty"
Package: rotating 2016/08/11 v2.16d rotated objects in LaTeX

("C:\Users\farid\AppData\Local\Programs\MiKTeX 2.9\tex/latex/base\ifthen.sty"
Package: ifthen 2014/09/29 v1.1c Standard LaTeX ifthen package (DPC)
)
\c@r@tfl@t=\count195
\rotFPtop=\skip71
\rotFPbot=\skip72
\rot@float@box=\box54
\rot@mess@toks=\toks24
)
("C:\Users\farid\AppData\Local\Programs\MiKTeX 2.9\tex/latex/amsmath\amsmath.st
y"
Package: amsmath 2020/01/20 v2.17e AMS math features
\@mathmargin=\skip73

For additional information on amsmath, use the `?' option.

("C:\Users\farid\AppData\Local\Programs\MiKTeX 2.9\tex/latex/amsmath\amstext.st
y"
Package: amstext 2000/06/29 v2.01 AMS text

("C:\Users\farid\AppData\Local\Programs\MiKTeX 2.9\tex/latex/amsmath\amsgen.sty
"
File: amsgen.sty 1999/11/30 v2.0 generic functions
\@emptytoks=\toks25
\ex@=\dimen156
))
("C:\Users\farid\AppData\Local\Programs\MiKTeX 2.9\tex/latex/amsmath\amsbsy.sty
"
Package: amsbsy 1999/11/29 v1.2d Bold Symbols
\pmbraise@=\dimen157
)
("C:\Users\farid\AppData\Local\Programs\MiKTeX 2.9\tex/latex/amsmath\amsopn.sty
"
Package: amsopn 2016/03/08 v2.02 operator names
)
\inf@bad=\count196
LaTeX Info: Redefining \frac on input line 227.
\uproot@=\count197
\leftroot@=\count198
LaTeX Info: Redefining \overline on input line 389.
\classnum@=\count199
\DOTSCASE@=\count266
LaTeX Info: Redefining \ldots on input line 486.
LaTeX Info: Redefining \dots on input line 489.
LaTeX Info: Redefining \cdots on input line 610.
\Mathstrutbox@=\box55
\strutbox@=\box56
\big@size=\dimen158
LaTeX Font Info:    Redeclaring font encoding OML on input line 733.
LaTeX Font Info:    Redeclaring font encoding OMS on input line 734.
\macc@depth=\count267
\c@MaxMatrixCols=\count268
\dotsspace@=\muskip16
\c@parentequation=\count269
\dspbrk@lvl=\count270
\tag@help=\toks26
\row@=\count271
\column@=\count272
\maxfields@=\count273
\andhelp@=\toks27
\eqnshift@=\dimen159
\alignsep@=\dimen160
\tagshift@=\dimen161
\tagwidth@=\dimen162
\totwidth@=\dimen163
\lineht@=\dimen164
\@envbody=\toks28
\multlinegap=\skip74
\multlinetaggap=\skip75
\mathdisplay@stack=\toks29
LaTeX Info: Redefining \[ on input line 2859.
LaTeX Info: Redefining \] on input line 2860.
)
("C:\Users\farid\AppData\Local\Programs\MiKTeX 2.9\tex/latex/amsfonts\amssymb.s
ty"
Package: amssymb 2013/01/14 v3.01 AMS font symbols

("C:\Users\farid\AppData\Local\Programs\MiKTeX 2.9\tex/latex/amsfonts\amsfonts.
sty"
Package: amsfonts 2013/01/14 v3.01 Basic AMSFonts support
\symAMSa=\mathgroup4
\symAMSb=\mathgroup5
LaTeX Font Info:    Redeclaring math symbol \hbar on input line 98.
LaTeX Font Info:    Overwriting math alphabet `\mathfrak' in version `bold'
(Font)                  U/euf/m/n --> U/euf/b/n on input line 106.
))
("C:\Users\farid\AppData\Local\Programs\MiKTeX 2.9\tex/latex/amscls\amsthm.sty"
Package: amsthm 2017/10/31 v2.20.4
\thm@style=\toks30
\thm@bodyfont=\toks31
\thm@headfont=\toks32
\thm@notefont=\toks33
\thm@headpunct=\toks34
\thm@preskip=\skip76
\thm@postskip=\skip77
\thm@headsep=\skip78
\dth@everypar=\toks35
)
("C:\Users\farid\AppData\Local\Programs\MiKTeX 2.9\tex/latex/mathtools\mathtool
s.sty"
Package: mathtools 2020/01/17 v1.23 mathematical typesetting tools

("C:\Users\farid\AppData\Local\Programs\MiKTeX 2.9\tex/latex/tools\calc.sty"
Package: calc 2017/05/25 v4.3 Infix arithmetic (KKT,FJ)
\calc@Acount=\count274
\calc@Bcount=\count275
\calc@Adimen=\dimen165
\calc@Bdimen=\dimen166
\calc@Askip=\skip79
\calc@Bskip=\skip80
LaTeX Info: Redefining \setlength on input line 80.
LaTeX Info: Redefining \addtolength on input line 81.
\calc@Ccount=\count276
\calc@Cskip=\skip81
)
("C:\Users\farid\AppData\Local\Programs\MiKTeX 2.9\tex/latex/mathtools\mhsetup.
sty"
Package: mhsetup 2017/03/31 v1.3 programming setup (MH)
)
LaTeX Info: Thecontrolsequence`\('isalreadyrobust on input line 129.
LaTeX Info: Thecontrolsequence`\)'isalreadyrobust on input line 129.
LaTeX Info: Thecontrolsequence`\['isalreadyrobust on input line 129.
LaTeX Info: Thecontrolsequence`\]'isalreadyrobust on input line 129.
\g_MT_multlinerow_int=\count277
\l_MT_multwidth_dim=\dimen167
\origjot=\skip82
\l_MT_shortvdotswithinadjustabove_dim=\dimen168
\l_MT_shortvdotswithinadjustbelow_dim=\dimen169
\l_MT_above_intertext_sep=\dimen170
\l_MT_below_intertext_sep=\dimen171
\l_MT_above_shortintertext_sep=\dimen172
\l_MT_below_shortintertext_sep=\dimen173
)
("C:\Users\farid\AppData\Local\Programs\MiKTeX 2.9\tex/latex/listings\listings.
sty"
\lst@mode=\count278
\lst@gtempboxa=\box57
\lst@token=\toks36
\lst@length=\count279
\lst@currlwidth=\dimen174
\lst@column=\count280
\lst@pos=\count281
\lst@lostspace=\dimen175
\lst@width=\dimen176
\lst@newlines=\count282
\lst@lineno=\count283
\lst@maxwidth=\dimen177

("C:\Users\farid\AppData\Local\Programs\MiKTeX 2.9\tex/latex/listings\lstmisc.s
ty"
File: lstmisc.sty 2019/09/10 1.8c (Carsten Heinz)
\c@lstnumber=\count284
\lst@skipnumbers=\count285
\lst@framebox=\box58
)
("C:\Users\farid\AppData\Local\Programs\MiKTeX 2.9\tex/latex/listings\listings.
cfg"
File: listings.cfg 2019/09/10 1.8c listings configuration
))
Package: listings 2019/09/10 1.8c (Carsten Heinz)

("C:\Users\farid\AppData\Local\Programs\MiKTeX 2.9\tex/latex/pgf/frontendlayer\
tikz.sty"
("C:\Users\farid\AppData\Local\Programs\MiKTeX 2.9\tex/latex/pgf/basiclayer\pgf
.sty"
("C:\Users\farid\AppData\Local\Programs\MiKTeX 2.9\tex/latex/pgf/utilities\pgfr
cs.sty"
("C:\Users\farid\AppData\Local\Programs\MiKTeX 2.9\tex/generic/pgf/utilities\pg
futil-common.tex"
\pgfutil@everybye=\toks37
\pgfutil@tempdima=\dimen178
\pgfutil@tempdimb=\dimen179

("C:\Users\farid\AppData\Local\Programs\MiKTeX 2.9\tex/generic/pgf/utilities\pg
futil-common-lists.tex"))
("C:\Users\farid\AppData\Local\Programs\MiKTeX 2.9\tex/generic/pgf/utilities\pg
futil-latex.def"
\pgfutil@abb=\box59

("C:\Users\farid\AppData\Local\Programs\MiKTeX 2.9\tex/latex/ms\everyshi.sty"
Package: everyshi 2001/05/15 v3.00 EveryShipout Package (MS)
))
("C:\Users\farid\AppData\Local\Programs\MiKTeX 2.9\tex/generic/pgf/utilities\pg
frcs.code.tex"
("C:\Users\farid\AppData\Local\Programs\MiKTeX 2.9\tex/generic/pgf\pgf.revision
.tex")
Package: pgfrcs 2020/01/08 v3.1.5b (3.1.5b)
))
Package: pgf 2020/01/08 v3.1.5b (3.1.5b)

("C:\Users\farid\AppData\Local\Programs\MiKTeX 2.9\tex/latex/pgf/basiclayer\pgf
core.sty"
("C:\Users\farid\AppData\Local\Programs\MiKTeX 2.9\tex/latex/pgf/systemlayer\pg
fsys.sty"
("C:\Users\farid\AppData\Local\Programs\MiKTeX 2.9\tex/generic/pgf/systemlayer\
pgfsys.code.tex"
Package: pgfsys 2020/01/08 v3.1.5b (3.1.5b)

("C:\Users\farid\AppData\Local\Programs\MiKTeX 2.9\tex/generic/pgf/utilities\pg
fkeys.code.tex"
\pgfkeys@pathtoks=\toks38
\pgfkeys@temptoks=\toks39

("C:\Users\farid\AppData\Local\Programs\MiKTeX 2.9\tex/generic/pgf/utilities\pg
fkeysfiltered.code.tex"
\pgfkeys@tmptoks=\toks40
))
\pgf@x=\dimen180
\pgf@y=\dimen181
\pgf@xa=\dimen182
\pgf@ya=\dimen183
\pgf@xb=\dimen184
\pgf@yb=\dimen185
\pgf@xc=\dimen186
\pgf@yc=\dimen187
\pgf@xd=\dimen188
\pgf@yd=\dimen189
\w@pgf@writea=\write3
\r@pgf@reada=\read3
\c@pgf@counta=\count286
\c@pgf@countb=\count287
\c@pgf@countc=\count288
\c@pgf@countd=\count289
\t@pgf@toka=\toks41
\t@pgf@tokb=\toks42
\t@pgf@tokc=\toks43
\pgf@sys@id@count=\count290

("C:\Users\farid\AppData\Local\Programs\MiKTeX 2.9\tex/generic/pgf/systemlayer\
pgf.cfg"
File: pgf.cfg 2020/01/08 v3.1.5b (3.1.5b)
)
Driver file for pgf: pgfsys-pdftex.def

("C:\Users\farid\AppData\Local\Programs\MiKTeX 2.9\tex/generic/pgf/systemlayer\
pgfsys-pdftex.def"
File: pgfsys-pdftex.def 2020/01/08 v3.1.5b (3.1.5b)

("C:\Users\farid\AppData\Local\Programs\MiKTeX 2.9\tex/generic/pgf/systemlayer\
pgfsys-common-pdf.def"
File: pgfsys-common-pdf.def 2020/01/08 v3.1.5b (3.1.5b)
)))
("C:\Users\farid\AppData\Local\Programs\MiKTeX 2.9\tex/generic/pgf/systemlayer\
pgfsyssoftpath.code.tex"
File: pgfsyssoftpath.code.tex 2020/01/08 v3.1.5b (3.1.5b)
\pgfsyssoftpath@smallbuffer@items=\count291
\pgfsyssoftpath@bigbuffer@items=\count292
)
("C:\Users\farid\AppData\Local\Programs\MiKTeX 2.9\tex/generic/pgf/systemlayer\
pgfsysprotocol.code.tex"
File: pgfsysprotocol.code.tex 2020/01/08 v3.1.5b (3.1.5b)
))
("C:\Users\farid\AppData\Local\Programs\MiKTeX 2.9\tex/generic/pgf/basiclayer\p
gfcore.code.tex"
Package: pgfcore 2020/01/08 v3.1.5b (3.1.5b)

("C:\Users\farid\AppData\Local\Programs\MiKTeX 2.9\tex/generic/pgf/math\pgfmath
.code.tex"
("C:\Users\farid\AppData\Local\Programs\MiKTeX 2.9\tex/generic/pgf/math\pgfmath
calc.code.tex"
("C:\Users\farid\AppData\Local\Programs\MiKTeX 2.9\tex/generic/pgf/math\pgfmath
util.code.tex")
("C:\Users\farid\AppData\Local\Programs\MiKTeX 2.9\tex/generic/pgf/math\pgfmath
parser.code.tex"
\pgfmath@dimen=\dimen190
\pgfmath@count=\count293
\pgfmath@box=\box60
\pgfmath@toks=\toks44
\pgfmath@stack@operand=\toks45
\pgfmath@stack@operation=\toks46
)
("C:\Users\farid\AppData\Local\Programs\MiKTeX 2.9\tex/generic/pgf/math\pgfmath
functions.code.tex"
("C:\Users\farid\AppData\Local\Programs\MiKTeX 2.9\tex/generic/pgf/math\pgfmath
functions.basic.code.tex")
("C:\Users\farid\AppData\Local\Programs\MiKTeX 2.9\tex/generic/pgf/math\pgfmath
functions.trigonometric.code.tex")
("C:\Users\farid\AppData\Local\Programs\MiKTeX 2.9\tex/generic/pgf/math\pgfmath
functions.random.code.tex")
("C:\Users\farid\AppData\Local\Programs\MiKTeX 2.9\tex/generic/pgf/math\pgfmath
functions.comparison.code.tex")
("C:\Users\farid\AppData\Local\Programs\MiKTeX 2.9\tex/generic/pgf/math\pgfmath
functions.base.code.tex")
("C:\Users\farid\AppData\Local\Programs\MiKTeX 2.9\tex/generic/pgf/math\pgfmath
functions.round.code.tex")
("C:\Users\farid\AppData\Local\Programs\MiKTeX 2.9\tex/generic/pgf/math\pgfmath
functions.misc.code.tex")
("C:\Users\farid\AppData\Local\Programs\MiKTeX 2.9\tex/generic/pgf/math\pgfmath
functions.integerarithmetics.code.tex")))
("C:\Users\farid\AppData\Local\Programs\MiKTeX 2.9\tex/generic/pgf/math\pgfmath
float.code.tex"
\c@pgfmathroundto@lastzeros=\count294
))
("C:\Users\farid\AppData\Local\Programs\MiKTeX 2.9\tex/generic/pgf/math\pgfint.
code.tex")
("C:\Users\farid\AppData\Local\Programs\MiKTeX 2.9\tex/generic/pgf/basiclayer\p
gfcorepoints.code.tex"
File: pgfcorepoints.code.tex 2020/01/08 v3.1.5b (3.1.5b)
\pgf@picminx=\dimen191
\pgf@picmaxx=\dimen192
\pgf@picminy=\dimen193
\pgf@picmaxy=\dimen194
\pgf@pathminx=\dimen195
\pgf@pathmaxx=\dimen196
\pgf@pathminy=\dimen197
\pgf@pathmaxy=\dimen198
\pgf@xx=\dimen199
\pgf@xy=\dimen256
\pgf@yx=\dimen257
\pgf@yy=\dimen258
\pgf@zx=\dimen259
\pgf@zy=\dimen260
)
("C:\Users\farid\AppData\Local\Programs\MiKTeX 2.9\tex/generic/pgf/basiclayer\p
gfcorepathconstruct.code.tex"
File: pgfcorepathconstruct.code.tex 2020/01/08 v3.1.5b (3.1.5b)
\pgf@path@lastx=\dimen261
\pgf@path@lasty=\dimen262
)
("C:\Users\farid\AppData\Local\Programs\MiKTeX 2.9\tex/generic/pgf/basiclayer\p
gfcorepathusage.code.tex"
File: pgfcorepathusage.code.tex 2020/01/08 v3.1.5b (3.1.5b)
\pgf@shorten@end@additional=\dimen263
\pgf@shorten@start@additional=\dimen264
)
("C:\Users\farid\AppData\Local\Programs\MiKTeX 2.9\tex/generic/pgf/basiclayer\p
gfcorescopes.code.tex"
File: pgfcorescopes.code.tex 2020/01/08 v3.1.5b (3.1.5b)
\pgfpic=\box61
\pgf@hbox=\box62
\pgf@layerbox@main=\box63
\pgf@picture@serial@count=\count295
)
("C:\Users\farid\AppData\Local\Programs\MiKTeX 2.9\tex/generic/pgf/basiclayer\p
gfcoregraphicstate.code.tex"
File: pgfcoregraphicstate.code.tex 2020/01/08 v3.1.5b (3.1.5b)
\pgflinewidth=\dimen265
)
("C:\Users\farid\AppData\Local\Programs\MiKTeX 2.9\tex/generic/pgf/basiclayer\p
gfcoretransformations.code.tex"
File: pgfcoretransformations.code.tex 2020/01/08 v3.1.5b (3.1.5b)
\pgf@pt@x=\dimen266
\pgf@pt@y=\dimen267
\pgf@pt@temp=\dimen268
)
("C:\Users\farid\AppData\Local\Programs\MiKTeX 2.9\tex/generic/pgf/basiclayer\p
gfcorequick.code.tex"
File: pgfcorequick.code.tex 2020/01/08 v3.1.5b (3.1.5b)
)
("C:\Users\farid\AppData\Local\Programs\MiKTeX 2.9\tex/generic/pgf/basiclayer\p
gfcoreobjects.code.tex"
File: pgfcoreobjects.code.tex 2020/01/08 v3.1.5b (3.1.5b)
)
("C:\Users\farid\AppData\Local\Programs\MiKTeX 2.9\tex/generic/pgf/basiclayer\p
gfcorepathprocessing.code.tex"
File: pgfcorepathprocessing.code.tex 2020/01/08 v3.1.5b (3.1.5b)
)
("C:\Users\farid\AppData\Local\Programs\MiKTeX 2.9\tex/generic/pgf/basiclayer\p
gfcorearrows.code.tex"
File: pgfcorearrows.code.tex 2020/01/08 v3.1.5b (3.1.5b)
\pgfarrowsep=\dimen269
)
("C:\Users\farid\AppData\Local\Programs\MiKTeX 2.9\tex/generic/pgf/basiclayer\p
gfcoreshade.code.tex"
File: pgfcoreshade.code.tex 2020/01/08 v3.1.5b (3.1.5b)
\pgf@max=\dimen270
\pgf@sys@shading@range@num=\count296
\pgf@shadingcount=\count297
)
("C:\Users\farid\AppData\Local\Programs\MiKTeX 2.9\tex/generic/pgf/basiclayer\p
gfcoreimage.code.tex"
File: pgfcoreimage.code.tex 2020/01/08 v3.1.5b (3.1.5b)

("C:\Users\farid\AppData\Local\Programs\MiKTeX 2.9\tex/generic/pgf/basiclayer\p
gfcoreexternal.code.tex"
File: pgfcoreexternal.code.tex 2020/01/08 v3.1.5b (3.1.5b)
\pgfexternal@startupbox=\box64
))
("C:\Users\farid\AppData\Local\Programs\MiKTeX 2.9\tex/generic/pgf/basiclayer\p
gfcorelayers.code.tex"
File: pgfcorelayers.code.tex 2020/01/08 v3.1.5b (3.1.5b)
)
("C:\Users\farid\AppData\Local\Programs\MiKTeX 2.9\tex/generic/pgf/basiclayer\p
gfcoretransparency.code.tex"
File: pgfcoretransparency.code.tex 2020/01/08 v3.1.5b (3.1.5b)
)
("C:\Users\farid\AppData\Local\Programs\MiKTeX 2.9\tex/generic/pgf/basiclayer\p
gfcorepatterns.code.tex"
File: pgfcorepatterns.code.tex 2020/01/08 v3.1.5b (3.1.5b)
)
("C:\Users\farid\AppData\Local\Programs\MiKTeX 2.9\tex/generic/pgf/basiclayer\p
gfcorerdf.code.tex"
File: pgfcorerdf.code.tex 2020/01/08 v3.1.5b (3.1.5b)
)))
("C:\Users\farid\AppData\Local\Programs\MiKTeX 2.9\tex/generic/pgf/modules\pgfm
oduleshapes.code.tex"
File: pgfmoduleshapes.code.tex 2020/01/08 v3.1.5b (3.1.5b)
\pgfnodeparttextbox=\box65
)
("C:\Users\farid\AppData\Local\Programs\MiKTeX 2.9\tex/generic/pgf/modules\pgfm
oduleplot.code.tex"
File: pgfmoduleplot.code.tex 2020/01/08 v3.1.5b (3.1.5b)
)
("C:\Users\farid\AppData\Local\Programs\MiKTeX 2.9\tex/latex/pgf/compatibility\
pgfcomp-version-0-65.sty"
Package: pgfcomp-version-0-65 2020/01/08 v3.1.5b (3.1.5b)
\pgf@nodesepstart=\dimen271
\pgf@nodesepend=\dimen272
)
("C:\Users\farid\AppData\Local\Programs\MiKTeX 2.9\tex/latex/pgf/compatibility\
pgfcomp-version-1-18.sty"
Package: pgfcomp-version-1-18 2020/01/08 v3.1.5b (3.1.5b)
))
("C:\Users\farid\AppData\Local\Programs\MiKTeX 2.9\tex/latex/pgf/utilities\pgff
or.sty"
("C:\Users\farid\AppData\Local\Programs\MiKTeX 2.9\tex/latex/pgf/utilities\pgfk
eys.sty"
("C:\Users\farid\AppData\Local\Programs\MiKTeX 2.9\tex/generic/pgf/utilities\pg
fkeys.code.tex"))
("C:\Users\farid\AppData\Local\Programs\MiKTeX 2.9\tex/latex/pgf/math\pgfmath.s
ty"
("C:\Users\farid\AppData\Local\Programs\MiKTeX 2.9\tex/generic/pgf/math\pgfmath
.code.tex"))
("C:\Users\farid\AppData\Local\Programs\MiKTeX 2.9\tex/generic/pgf/utilities\pg
ffor.code.tex"
Package: pgffor 2020/01/08 v3.1.5b (3.1.5b)

("C:\Users\farid\AppData\Local\Programs\MiKTeX 2.9\tex/generic/pgf/math\pgfmath
.code.tex")
\pgffor@iter=\dimen273
\pgffor@skip=\dimen274
\pgffor@stack=\toks47
\pgffor@toks=\toks48
))
("C:\Users\farid\AppData\Local\Programs\MiKTeX 2.9\tex/generic/pgf/frontendlaye
r/tikz\tikz.code.tex"
Package: tikz 2020/01/08 v3.1.5b (3.1.5b)

("C:\Users\farid\AppData\Local\Programs\MiKTeX 2.9\tex/generic/pgf/libraries\pg
flibraryplothandlers.code.tex"
File: pgflibraryplothandlers.code.tex 2020/01/08 v3.1.5b (3.1.5b)
\pgf@plot@mark@count=\count298
\pgfplotmarksize=\dimen275
)
\tikz@lastx=\dimen276
\tikz@lasty=\dimen277
\tikz@lastxsaved=\dimen278
\tikz@lastysaved=\dimen279
\tikz@lastmovetox=\dimen280
\tikz@lastmovetoy=\dimen281
\tikzleveldistance=\dimen282
\tikzsiblingdistance=\dimen283
\tikz@figbox=\box66
\tikz@figbox@bg=\box67
\tikz@tempbox=\box68
\tikz@tempbox@bg=\box69
\tikztreelevel=\count299
\tikznumberofchildren=\count300
\tikznumberofcurrentchild=\count301
\tikz@fig@count=\count302

("C:\Users\farid\AppData\Local\Programs\MiKTeX 2.9\tex/generic/pgf/modules\pgfm
odulematrix.code.tex"
File: pgfmodulematrix.code.tex 2020/01/08 v3.1.5b (3.1.5b)
\pgfmatrixcurrentrow=\count303
\pgfmatrixcurrentcolumn=\count304
\pgf@matrix@numberofcolumns=\count305
)
\tikz@expandcount=\count306

("C:\Users\farid\AppData\Local\Programs\MiKTeX 2.9\tex/generic/pgf/frontendlaye
r/tikz/libraries\tikzlibrarytopaths.code.tex"
File: tikzlibrarytopaths.code.tex 2020/01/08 v3.1.5b (3.1.5b)
)))
("C:\Users\farid\AppData\Local\Programs\MiKTeX 2.9\tex/generic/pgf/libraries\pg
flibraryarrows.meta.code.tex"
File: pgflibraryarrows.meta.code.tex 2020/01/08 v3.1.5b (3.1.5b)
\pgfarrowinset=\dimen284
\pgfarrowlength=\dimen285
\pgfarrowwidth=\dimen286
\pgfarrowlinewidth=\dimen287
)
("C:\Users\farid\AppData\Local\Programs\MiKTeX 2.9\tex/generic/pgf/frontendlaye
r/tikz/libraries/graphs\tikzlibrarygraphs.code.tex"
File: tikzlibrarygraphs.code.tex 2020/01/08 v3.1.5b (3.1.5b)
\tikz@lib@auto@number=\count307
\tikz@qnode@count=\count308
)
("C:\Users\farid\AppData\Local\Programs\MiKTeX 2.9\tex/generic/pgf/frontendlaye
r/tikz/libraries\tikzlibraryarrows.code.tex"
File: tikzlibraryarrows.code.tex 2020/01/08 v3.1.5b (3.1.5b)

("C:\Users\farid\AppData\Local\Programs\MiKTeX 2.9\tex/generic/pgf/libraries\pg
flibraryarrows.code.tex"
File: pgflibraryarrows.code.tex 2020/01/08 v3.1.5b (3.1.5b)
\arrowsize=\dimen288
))
("C:\Users\farid\AppData\Local\Programs\MiKTeX 2.9\tex/latex/booktabs\booktabs.
sty"
Package: booktabs 2020/01/12 v1.61803398 Publication quality tables
\heavyrulewidth=\dimen289
\lightrulewidth=\dimen290
\cmidrulewidth=\dimen291
\belowrulesep=\dimen292
\belowbottomsep=\dimen293
\aboverulesep=\dimen294
\abovetopsep=\dimen295
\cmidrulesep=\dimen296
\cmidrulekern=\dimen297
\defaultaddspace=\dimen298
\@cmidla=\count309
\@cmidlb=\count310
\@aboverulesep=\dimen299
\@belowrulesep=\dimen300
\@thisruleclass=\count311
\@lastruleclass=\count312
\@thisrulewidth=\dimen301
)
("C:\Users\farid\AppData\Local\Programs\MiKTeX 2.9\tex/latex/tools\tabularx.sty
"
Package: tabularx 2020/01/15 v2.11c `tabularx' package (DPC)
\TX@col@width=\dimen302
\TX@old@table=\dimen303
\TX@old@col=\dimen304
\TX@target=\dimen305
\TX@delta=\dimen306
\TX@cols=\count313
\TX@ftn=\toks49
)
("C:\Users\farid\AppData\Local\Programs\MiKTeX 2.9\tex/latex/multirow\multirow.
sty"
Package: multirow 2019/05/31 v2.5 Span multiple rows of a table
\multirow@colwidth=\skip83
\multirow@cntb=\count314
\multirow@dima=\skip84
\bigstrutjot=\dimen307
)
("C:\Users\farid\AppData\Local\Programs\MiKTeX 2.9\tex/latex/tocloft\tocloft.st
y"
Package: tocloft 2017/08/31 v2.3i parameterised ToC, etc., typesetting
Package tocloft Info: The document has section divisions on input line 51.
\cftparskip=\skip85
\cftbeforetoctitleskip=\skip86
\cftaftertoctitleskip=\skip87
\cftbeforepartskip=\skip88
\cftpartnumwidth=\skip89
\cftpartindent=\skip90
\cftbeforesecskip=\skip91
\cftsecindent=\skip92
\cftsecnumwidth=\skip93
\cftbeforesubsecskip=\skip94
\cftsubsecindent=\skip95
\cftsubsecnumwidth=\skip96
\cftbeforesubsubsecskip=\skip97
\cftsubsubsecindent=\skip98
\cftsubsubsecnumwidth=\skip99
\cftbeforeparaskip=\skip100
\cftparaindent=\skip101
\cftparanumwidth=\skip102
\cftbeforesubparaskip=\skip103
\cftsubparaindent=\skip104
\cftsubparanumwidth=\skip105
\cftbeforeloftitleskip=\skip106
\cftafterloftitleskip=\skip107
\cftbeforefigskip=\skip108
\cftfigindent=\skip109
\cftfignumwidth=\skip110
\c@lofdepth=\count315
\c@lotdepth=\count316
\cftbeforelottitleskip=\skip111
\cftafterlottitleskip=\skip112
\cftbeforetabskip=\skip113
\cfttabindent=\skip114
\cfttabnumwidth=\skip115
)
("C:\Users\farid\AppData\Local\Programs\MiKTeX 2.9\tex/latex/appendix\appendix.
sty"
Package: appendix 2020/02/08 v1.2c extra appendix facilities
\c@@pps=\count317
\c@@ppsavesec=\count318
\c@@ppsaveapp=\count319
)
("C:\Users\farid\AppData\Local\Programs\MiKTeX 2.9\tex/latex/parskip\parskip.st
y"
Package: parskip 2020-01-22 v2.0d non-zero parskip adjustments

("C:\Users\farid\AppData\Local\Programs\MiKTeX 2.9\tex/latex/kvoptions\kvoption
s.sty"
Package: kvoptions 2019/11/29 v3.13 Key value format for package options (HO)

("C:\Users\farid\AppData\Local\Programs\MiKTeX 2.9\tex/generic/ltxcmds\ltxcmds.
sty"
Package: ltxcmds 2019/12/15 v1.24 LaTeX kernel commands for general use (HO)
)
("C:\Users\farid\AppData\Local\Programs\MiKTeX 2.9\tex/generic/kvsetkeys\kvsetk
eys.sty"
Package: kvsetkeys 2019/12/15 v1.18 Key value parser (HO)
)))
("C:\Users\farid\AppData\Local\Programs\MiKTeX 2.9\tex/latex/breakurl\breakurl.
sty"
Package: breakurl 2013/04/10 v1.40 Breakable hyperref URLs

("C:\Users\farid\AppData\Local\Programs\MiKTeX 2.9\tex/latex/xkeyval\xkeyval.st
y"
Package: xkeyval 2014/12/03 v2.7a package option processing (HA)

("C:\Users\farid\AppData\Local\Programs\MiKTeX 2.9\tex/generic/xkeyval\xkeyval.
tex"
("C:\Users\farid\AppData\Local\Programs\MiKTeX 2.9\tex/generic/xkeyval\xkvutils
.tex"
\XKV@toks=\toks50
\XKV@tempa@toks=\toks51
)
\XKV@depth=\count320
File: xkeyval.tex 2014/12/03 v2.7a key=value parser (HA)
))
("C:\Users\farid\AppData\Local\Programs\MiKTeX 2.9\tex/generic/iftex\ifpdf.sty"
Package: ifpdf 2019/10/25 v3.4 ifpdf legacy package. Use iftex instead.
)

Package breakurl Warning: You are using breakurl while processing via pdflatex.

(breakurl)                \burl will be just a synonym of \url.
(breakurl)                 on input line 48.

)
("C:\Users\farid\AppData\Local\Programs\MiKTeX 2.9\tex/latex/hyperref\hyperref.
sty"
Package: hyperref 2020/01/14 v7.00d Hypertext links for LaTeX

("C:\Users\farid\AppData\Local\Programs\MiKTeX 2.9\tex/latex/pdftexcmds\pdftexc
mds.sty"
Package: pdftexcmds 2019/11/24 v0.31 Utility functions of pdfTeX for LuaTeX (HO
)

("C:\Users\farid\AppData\Local\Programs\MiKTeX 2.9\tex/generic/infwarerr\infwar
err.sty"
Package: infwarerr 2019/12/03 v1.5 Providing info/warning/error messages (HO)
)
Package pdftexcmds Info: \pdf@primitive is available.
Package pdftexcmds Info: \pdf@ifprimitive is available.
Package pdftexcmds Info: \pdfdraftmode found.
)
("C:\Users\farid\AppData\Local\Programs\MiKTeX 2.9\tex/generic/kvdefinekeys\kvd
efinekeys.sty"
Package: kvdefinekeys 2019-12-19 v1.6 Define keys (HO)
)
("C:\Users\farid\AppData\Local\Programs\MiKTeX 2.9\tex/generic/pdfescape\pdfesc
ape.sty"
Package: pdfescape 2019/12/09 v1.15 Implements pdfTeX's escape features (HO)
)
("C:\Users\farid\AppData\Local\Programs\MiKTeX 2.9\tex/latex/hycolor\hycolor.st
y"
Package: hycolor 2020-01-27 v1.10 Color options for hyperref/bookmark (HO)
)
("C:\Users\farid\AppData\Local\Programs\MiKTeX 2.9\tex/latex/letltxmacro\letltx
macro.sty"
Package: letltxmacro 2019/12/03 v1.6 Let assignment for LaTeX macros (HO)
)
("C:\Users\farid\AppData\Local\Programs\MiKTeX 2.9\tex/latex/auxhook\auxhook.st
y"
Package: auxhook 2019-12-17 v1.6 Hooks for auxiliary files (HO)
)
\@linkdim=\dimen308
\Hy@linkcounter=\count321
\Hy@pagecounter=\count322

("C:\Users\farid\AppData\Local\Programs\MiKTeX 2.9\tex/latex/hyperref\pd1enc.de
f"
File: pd1enc.def 2020/01/14 v7.00d Hyperref: PDFDocEncoding definition (HO)
Now handling font encoding PD1 ...
... no UTF-8 mapping file for font encoding PD1
)
("C:\Users\farid\AppData\Local\Programs\MiKTeX 2.9\tex/generic/intcalc\intcalc.
sty"
Package: intcalc 2019/12/15 v1.3 Expandable calculations with integers (HO)
)
("C:\Users\farid\AppData\Local\Programs\MiKTeX 2.9\tex/generic/etexcmds\etexcmd
s.sty"
Package: etexcmds 2019/12/15 v1.7 Avoid name clashes with e-TeX commands (HO)
)
\Hy@SavedSpaceFactor=\count323
Package hyperref Info: Option `colorlinks' set `true' on input line 4421.
Package hyperref Info: Hyper figures OFF on input line 4547.
Package hyperref Info: Link nesting OFF on input line 4552.
Package hyperref Info: Hyper index ON on input line 4555.
Package hyperref Info: Plain pages OFF on input line 4562.
Package hyperref Info: Backreferencing OFF on input line 4567.
Package hyperref Info: Implicit mode ON; LaTeX internals redefined.
Package hyperref Info: Bookmarks ON on input line 4800.
\c@Hy@tempcnt=\count324
 ("C:\Users\farid\AppData\Local\Programs\MiKTeX 2.9\tex/latex/url\url.sty"
\Urlmuskip=\muskip17
Package: url 2013/09/16  ver 3.4  Verb mode for urls, etc.
)
LaTeX Info: Redefining \url on input line 5159.
\XeTeXLinkMargin=\dimen309

("C:\Users\farid\AppData\Local\Programs\MiKTeX 2.9\tex/generic/bitset\bitset.st
y"
Package: bitset 2019/12/09 v1.3 Handle bit-vector datatype (HO)

("C:\Users\farid\AppData\Local\Programs\MiKTeX 2.9\tex/generic/bigintcalc\bigin
tcalc.sty"
Package: bigintcalc 2019/12/15 v1.5 Expandable calculations on big integers (HO
)
))
\Fld@menulength=\count325
\Field@Width=\dimen310
\Fld@charsize=\dimen311
Package hyperref Info: Hyper figures OFF on input line 6430.
Package hyperref Info: Link nesting OFF on input line 6435.
Package hyperref Info: Hyper index ON on input line 6438.
Package hyperref Info: backreferencing OFF on input line 6445.
Package hyperref Info: Link coloring ON on input line 6448.
Package hyperref Info: Link coloring with OCG OFF on input line 6455.
Package hyperref Info: PDF/A mode OFF on input line 6460.
LaTeX Info: Redefining \ref on input line 6500.
LaTeX Info: Redefining \pageref on input line 6504.

("C:\Users\farid\AppData\Local\Programs\MiKTeX 2.9\tex/generic/atbegshi\atbegsh
i.sty"
Package: atbegshi 2019/12/05 v1.19 At begin shipout hook (HO)
)
\Hy@abspage=\count326
\c@Item=\count327
\c@Hfootnote=\count328
)
Package hyperref Info: Driver (autodetected): hpdftex.

("C:\Users\farid\AppData\Local\Programs\MiKTeX 2.9\tex/latex/hyperref\hpdftex.d
ef"
File: hpdftex.def 2020/01/14 v7.00d Hyperref driver for pdfTeX

("C:\Users\farid\AppData\Local\Programs\MiKTeX 2.9\tex/latex/atveryend\atveryen
d.sty"
Package: atveryend 2019-12-11 v1.11 Hooks at the very end of document (HO)
)
\Fld@listcount=\count329
\c@bookmark@seq@number=\count330

("C:\Users\farid\AppData\Local\Programs\MiKTeX 2.9\tex/latex/rerunfilecheck\rer
unfilecheck.sty"
Package: rerunfilecheck 2019/12/05 v1.9 Rerun checks for auxiliary files (HO)

("C:\Users\farid\AppData\Local\Programs\MiKTeX 2.9\tex/generic/uniquecounter\un
iquecounter.sty"
Package: uniquecounter 2019/12/15 v1.4 Provide unlimited unique counter (HO)
)
Package uniquecounter Info: New unique counter `rerunfilecheck' on input line 2
86.
)
\Hy@SectionHShift=\skip116
)
Package hyperref Info: Option `colorlinks' set `true' on input line 163.

("C:\Users\farid\AppData\Local\Programs\MiKTeX 2.9\tex/latex/blindtext\blindtex
t.sty"
Package: blindtext 2012/01/06 V2.0 blindtext-Package

("C:\Users\farid\AppData\Local\Programs\MiKTeX 2.9\tex/latex/tools\xspace.sty"
Package: xspace 2014/10/28 v1.13 Space after command names (DPC,MH)
)
\c@blindtext=\count331
\c@Blindtext=\count332
\c@blind@countparstart=\count333
\blind@countxx=\count334
\blindtext@numBlindtext=\count335
\blind@countyy=\count336
\c@blindlist=\count337
\c@blindlistlevel=\count338
\c@blindlist@level=\count339
\blind@listitem=\count340
\c@blind@listcount=\count341
\c@blind@levelcount=\count342
\blind@mathformula=\count343
\blind@Mathformula=\count344
\c@blind@randomcount=\count345
\c@blind@randommax=\count346
\c@blind@pangramcount=\count347
\c@blind@pangrammax=\count348
)
("C:\Users\farid\AppData\Local\Programs\MiKTeX 2.9\tex/latex/koma-script\scrext
end.sty"
Package: scrextend 2020/01/24 v3.29 KOMA-Script package (extend other classes w
ith features of KOMA-Script classes)

("C:\Users\farid\AppData\Local\Programs\MiKTeX 2.9\tex/latex/koma-script\scrkba
se.sty"
Package: scrkbase 2020/01/24 v3.29 KOMA-Script package (KOMA-Script-dependent b
asics and keyval usage)

("C:\Users\farid\AppData\Local\Programs\MiKTeX 2.9\tex/latex/koma-script\scrbas
e.sty"
Package: scrbase 2020/01/24 v3.29 KOMA-Script package (KOMA-Script-independent 
basics and keyval usage)

("C:\Users\farid\AppData\Local\Programs\MiKTeX 2.9\tex/latex/koma-script\scrlfi
le.sty"
Package: scrlfile 2020/01/24 v3.29 KOMA-Script package (loading files)
)))

LaTeX Warning: Command \@footnotemark  has changed.
               Check if current package is valid.

)) (sezioni/copertina.tex)
("C:\Users\farid\AppData\Local\Programs\MiKTeX 2.9\tex/latex/l3backend\l3backen
d-pdfmode.def"
File: l3backend-pdfmode.def 2020-03-12 L3 backend support: PDF mode
\l__kernel_color_stack_int=\count349
\l__pdf_internal_box=\box70
)

LaTeX Warning: Unused global option(s):
    [openany].

No file norme_di_progetto_v1.0.0.aux.
\openout1 = `norme_di_progetto_v1.0.0.aux'.

LaTeX Font Info:    Checking defaults for OML/cmm/m/it on input line 8.
LaTeX Font Info:    ... okay on input line 8.
LaTeX Font Info:    Checking defaults for OMS/cmsy/m/n on input line 8.
LaTeX Font Info:    ... okay on input line 8.
LaTeX Font Info:    Checking defaults for OT1/cmr/m/n on input line 8.
LaTeX Font Info:    ... okay on input line 8.
LaTeX Font Info:    Checking defaults for T1/cmr/m/n on input line 8.
LaTeX Font Info:    ... okay on input line 8.
LaTeX Font Info:    Checking defaults for TS1/cmr/m/n on input line 8.
LaTeX Font Info:    ... okay on input line 8.
LaTeX Font Info:    Checking defaults for OMX/cmex/m/n on input line 8.
LaTeX Font Info:    ... okay on input line 8.
LaTeX Font Info:    Checking defaults for U/cmr/m/n on input line 8.
LaTeX Font Info:    ... okay on input line 8.
LaTeX Font Info:    Checking defaults for PD1/pdf/m/n on input line 8.
LaTeX Font Info:    ... okay on input line 8.

("C:\Users\farid\AppData\Local\Programs\MiKTeX 2.9\tex/context/base/mkii\supp-p
df.mkii"
[Loading MPS to PDF converter (version 2006.09.02).]
\scratchcounter=\count350
\scratchdimen=\dimen312
\scratchbox=\box71
\nofMPsegments=\count351
\nofMParguments=\count352
\everyMPshowfont=\toks52
\MPscratchCnt=\count353
\MPscratchDim=\dimen313
\MPnumerator=\count354
\makeMPintoPDFobject=\count355
\everyMPtoPDFconversion=\toks53
)
("C:\Users\farid\AppData\Local\Programs\MiKTeX 2.9\tex/latex/epstopdf-pkg\epsto
pdf-base.sty"
Package: epstopdf-base 2020-01-24 v2.11 Base part for package epstopdf
Package epstopdf-base Info: Redefining graphics rule for `.eps' on input line 4
85.
)
*geometry* driver: auto-detecting
*geometry* detected driver: pdftex
*geometry* verbose mode - [ preamble ] result:
* driver: pdftex
* paper: a4paper
* layout: <same size as paper>
* layoutoffset:(h,v)=(0.0pt,0.0pt)
* modes: 
* h-part:(L,W,R)=(62.59596pt, 472.31595pt, 62.59596pt)
* v-part:(T,H,B)=(88.2037pt, 668.63943pt, 88.2037pt)
* \paperwidth=597.50787pt
* \paperheight=845.04684pt
* \textwidth=472.31595pt
* \textheight=668.63943pt
* \oddsidemargin=-9.67403pt
* \evensidemargin=-9.67403pt
* \topmargin=-21.06628pt
* \headheight=12.0pt
* \headsep=25.0pt
* \topskip=12.0pt
* \footskip=30.0pt
* \marginparwidth=35.0pt
* \marginparsep=10.0pt
* \columnsep=10.0pt
* \skip\footins=10.8pt plus 4.0pt minus 2.0pt
* \hoffset=0.0pt
* \voffset=0.0pt
* \mag=1000
* \@twocolumnfalse
* \@twosidefalse
* \@mparswitchfalse
* \@reversemarginfalse
* (1in=72.27pt=25.4mm, 1cm=28.453pt)

Package lastpage Info: Please have a look at the pageslts package at
(lastpage)             https://www.ctan.org/pkg/pageslts
(lastpage)             ! on input line 8.
LaTeX Info: Redefining \it@ocap on input line 8.
LaTeX Info: Redefining \it@ccap on input line 8.
Package caption Info: Begin \AtBeginDocument code.
Package caption Info: hyperref package is loaded.
Package caption Info: listings package is loaded.
Package caption Info: rotating package is loaded.
Package caption Info: End \AtBeginDocument code.
\c@lstlisting=\count356
ABD: EveryShipout initializing macros
\AtBeginShipoutBox=\box72
Package hyperref Info: Link coloring ON on input line 8.

("C:\Users\farid\AppData\Local\Programs\MiKTeX 2.9\tex/latex/hyperref\nameref.s
ty"
Package: nameref 2019/09/16 v2.46 Cross-referencing by name of section

("C:\Users\farid\AppData\Local\Programs\MiKTeX 2.9\tex/latex/refcount\refcount.
sty"
Package: refcount 2019/12/15 v3.6 Data extraction from label references (HO)
)
("C:\Users\farid\AppData\Local\Programs\MiKTeX 2.9\tex/generic/gettitlestring\g
ettitlestring.sty"
Package: gettitlestring 2019/12/15 v1.6 Cleanup title references (HO)
)
\c@section@level=\count357
)
LaTeX Info: Redefining \ref on input line 8.
LaTeX Info: Redefining \pageref on input line 8.
LaTeX Info: Redefining \nameref on input line 8.
\@outlinefile=\write4
\openout4 = `norme_di_progetto_v1.0.0.out'.

<../Norme_di_progetto/img/logoAFK.png, id=6, 383.87572pt x 246.84428pt>
File: ../Norme_di_progetto/img/logoAFK.png Graphic file (type png)
<use ../Norme_di_progetto/img/logoAFK.png>
Package pdftex.def Info: ../Norme_di_progetto/img/logoAFK.png  used on input li
ne 9.
(pdftex.def)             Requested size: 383.87477pt x 246.84367pt.
LaTeX Font Info:    Trying to load font information for OT1+lmr on input line 9
.

("C:\Users\farid\AppData\Local\Programs\MiKTeX 2.9\tex/latex/lm\ot1lmr.fd"
File: ot1lmr.fd 2009/10/30 v1.6 Font defs for Latin Modern
)
LaTeX Font Info:    Trying to load font information for OML+lmm on input line 9
.

("C:\Users\farid\AppData\Local\Programs\MiKTeX 2.9\tex/latex/lm\omllmm.fd"
File: omllmm.fd 2009/10/30 v1.6 Font defs for Latin Modern
)
LaTeX Font Info:    Trying to load font information for OMS+lmsy on input line 
9.

("C:\Users\farid\AppData\Local\Programs\MiKTeX 2.9\tex/latex/lm\omslmsy.fd"
File: omslmsy.fd 2009/10/30 v1.6 Font defs for Latin Modern
)
LaTeX Font Info:    Trying to load font information for OMX+lmex on input line 
9.

("C:\Users\farid\AppData\Local\Programs\MiKTeX 2.9\tex/latex/lm\omxlmex.fd"
File: omxlmex.fd 2009/10/30 v1.6 Font defs for Latin Modern
)
LaTeX Font Info:    External font `lmex10' loaded for size
(Font)              <12> on input line 9.
LaTeX Font Info:    External font `lmex10' loaded for size
(Font)              <8> on input line 9.
LaTeX Font Info:    External font `lmex10' loaded for size
(Font)              <6> on input line 9.
LaTeX Font Info:    Trying to load font information for U+msa on input line 9.

("C:\Users\farid\AppData\Local\Programs\MiKTeX 2.9\tex/latex/amsfonts\umsa.fd"
File: umsa.fd 2013/01/14 v3.01 AMS symbols A
)
LaTeX Font Info:    Trying to load font information for U+msb on input line 9.
("C:\Users\farid\AppData\Local\Programs\MiKTeX 2.9\tex/latex/amsfonts\umsb.fd"
File: umsb.fd 2013/01/14 v3.01 AMS symbols B
) [1

{C:/Users/farid/AppData/Local/MiKTeX/2.9/pdftex/config/pdftex.map} <../Norme_di
_progetto/img/logoAFK.png>] (sezioni/registroModifiche.tex)
File: ../Norme_di_progetto/img/logoAFK.png Graphic file (type png)
<use ../Norme_di_progetto/img/logoAFK.png>
Package pdftex.def Info: ../Norme_di_progetto/img/logoAFK.png  used on input li
ne 13.
(pdftex.def)             Requested size: 57.57887pt x 37.02504pt.


Package Fancyhdr Warning: \headheight is too small (12.0pt): 
Make it at least 41.37508pt.
We now make it that large for the rest of the document.
This may cause the page layout to be inconsistent, however.


LaTeX Warning: Reference `LastPage' on page 1 undefined on input line 13.

pdfTeX warning (ext4): destination with the same identifier (name{page.1}) has 
been already used, duplicate ignored
<to be read again> 
                   \relax 
l.13 \newpage
              [1]
\tf@toc=\write5
\openout5 = `norme_di_progetto_v1.0.0.toc'.

File: ../Norme_di_progetto/img/logoAFK.png Graphic file (type png)
<use ../Norme_di_progetto/img/logoAFK.png>
Package pdftex.def Info: ../Norme_di_progetto/img/logoAFK.png  used on input li
ne 16.
(pdftex.def)             Requested size: 57.57887pt x 37.02504pt.


LaTeX Warning: Reference `LastPage' on page 2 undefined on input line 16.

[2]

Package lastpage Warning: Rerun to get the references right on input line 32.


AED: lastpage setting LastPage
Package atveryend Info: Empty hook `BeforeClearDocument' on input line 32.
Package atveryend Info: Empty hook `AfterLastShipout' on input line 32.
(norme_di_progetto_v1.0.0.aux)
Package atveryend Info: Executing hook `AtVeryEndDocument' on input line 32.
Package atveryend Info: Executing hook `AtEndAfterFileList' on input line 32.


Package rerunfilecheck Warning: File `norme_di_progetto_v1.0.0.out' has changed
.
(rerunfilecheck)                Rerun to get outlines right
(rerunfilecheck)                or use package `bookmark'.

Package rerunfilecheck Info: Checksums for `norme_di_progetto_v1.0.0.out':
(rerunfilecheck)             Before: <no file>
(rerunfilecheck)             After:  A62123FE8D70248701D8DACC1B54A5FA;59.

LaTeX Warning: There were undefined references.


LaTeX Warning: Label(s) may have changed. Rerun to get cross-references right.

 ) 
Here is how much of TeX's memory you used:
 25228 strings out of 480934
 473325 string characters out of 2899917
 775192 words of memory out of 3000000
 40559 multiletter control sequences out of 15000+200000
 573178 words of font info for 50 fonts, out of 3000000 for 9000
 1141 hyphenation exceptions out of 8191
 68i,17n,76p,814b,508s stack positions out of 5000i,500n,10000p,200000b,50000s
{C:/Users/farid/AppData/Local/Programs/MiKTeX 2.9/fonts/enc/dvips/lm/lm-ec.en
c}<C:/Users/farid/AppData/Local/Programs/MiKTeX 2.9/fonts/type1/public/lm/lmbx1
2.pfb><C:/Users/farid/AppData/Local/Programs/MiKTeX 2.9/fonts/type1/public/lm/l
mr12.pfb><C:/Users/farid/AppData/Local/Programs/MiKTeX 2.9/fonts/type1/public/l
m/lmri12.pfb>
Output written on norme_di_progetto_v1.0.0.pdf (3 pages, 96750 bytes).
PDF statistics:
 39 PDF objects out of 1000 (max. 8388607)
 5 named destinations out of 1000 (max. 500000)
 18 words of extra memory for PDF output out of 10000 (max. 10000000)

